  main.c
C:\Users\dahye\Desktop\MIPS\ComputerArchitecture\main.c(79,38): warning C4474: 'scanf' : 서식 문자열에 전달된 인수가 너무 많습니다.
C:\Users\dahye\Desktop\MIPS\ComputerArchitecture\main.c(79,38): message : 자리 표시자 및 해당 매개 변수에는 variadic 인수가 1개 필요하지만 2개가 제공되었습니다.
C:\Users\dahye\Desktop\MIPS\ComputerArchitecture\main.c(87,32): warning C4474: 'scanf' : 서식 문자열에 전달된 인수가 너무 많습니다.
C:\Users\dahye\Desktop\MIPS\ComputerArchitecture\main.c(87,32): message : 자리 표시자 및 해당 매개 변수에는 variadic 인수가 1개 필요하지만 2개가 제공되었습니다.
C:\Users\dahye\Desktop\MIPS\ComputerArchitecture\main.c(90,35): warning C4474: 'scanf' : 서식 문자열에 전달된 인수가 너무 많습니다.
C:\Users\dahye\Desktop\MIPS\ComputerArchitecture\main.c(90,35): message : 자리 표시자 및 해당 매개 변수에는 variadic 인수가 1개 필요하지만 2개가 제공되었습니다.
C:\Users\dahye\Desktop\MIPS\ComputerArchitecture\main.c(116,32): warning C4474: 'scanf' : 서식 문자열에 전달된 인수가 너무 많습니다.
C:\Users\dahye\Desktop\MIPS\ComputerArchitecture\main.c(116,32): message : 자리 표시자 및 해당 매개 변수에는 variadic 인수가 1개 필요하지만 2개가 제공되었습니다.
C:\Users\dahye\Desktop\MIPS\ComputerArchitecture\main.c(123,32): warning C4474: 'scanf' : 서식 문자열에 전달된 인수가 너무 많습니다.
C:\Users\dahye\Desktop\MIPS\ComputerArchitecture\main.c(123,32): message : 자리 표시자 및 해당 매개 변수에는 variadic 인수가 1개 필요하지만 2개가 제공되었습니다.
C:\Users\dahye\Desktop\MIPS\ComputerArchitecture\main.c(126,35): warning C4474: 'scanf' : 서식 문자열에 전달된 인수가 너무 많습니다.
C:\Users\dahye\Desktop\MIPS\ComputerArchitecture\main.c(126,35): message : 자리 표시자 및 해당 매개 변수에는 variadic 인수가 1개 필요하지만 2개가 제공되었습니다.
C:\Users\dahye\Desktop\MIPS\ComputerArchitecture\main.c(67,9): warning C4996: 'scanf': This function or variable may be unsafe. Consider using scanf_s instead. To disable deprecation, use _CRT_SECURE_NO_WARNINGS. See online help for details.
C:\Users\dahye\Desktop\MIPS\ComputerArchitecture\main.c(79,13): warning C4996: 'scanf': This function or variable may be unsafe. Consider using scanf_s instead. To disable deprecation, use _CRT_SECURE_NO_WARNINGS. See online help for details.
C:\Users\dahye\Desktop\MIPS\ComputerArchitecture\main.c(87,13): warning C4996: 'scanf': This function or variable may be unsafe. Consider using scanf_s instead. To disable deprecation, use _CRT_SECURE_NO_WARNINGS. See online help for details.
C:\Users\dahye\Desktop\MIPS\ComputerArchitecture\main.c(90,13): warning C4996: 'scanf': This function or variable may be unsafe. Consider using scanf_s instead. To disable deprecation, use _CRT_SECURE_NO_WARNINGS. See online help for details.
C:\Users\dahye\Desktop\MIPS\ComputerArchitecture\main.c(116,13): warning C4996: 'scanf': This function or variable may be unsafe. Consider using scanf_s instead. To disable deprecation, use _CRT_SECURE_NO_WARNINGS. See online help for details.
C:\Users\dahye\Desktop\MIPS\ComputerArchitecture\main.c(123,13): warning C4996: 'scanf': This function or variable may be unsafe. Consider using scanf_s instead. To disable deprecation, use _CRT_SECURE_NO_WARNINGS. See online help for details.
C:\Users\dahye\Desktop\MIPS\ComputerArchitecture\main.c(126,13): warning C4996: 'scanf': This function or variable may be unsafe. Consider using scanf_s instead. To disable deprecation, use _CRT_SECURE_NO_WARNINGS. See online help for details.
C:\Users\dahye\Desktop\MIPS\ComputerArchitecture\main.c(146,13): warning C4996: 'scanf': This function or variable may be unsafe. Consider using scanf_s instead. To disable deprecation, use _CRT_SECURE_NO_WARNINGS. See online help for details.
C:\Users\dahye\Desktop\MIPS\ComputerArchitecture\main.c(149,13): warning C4996: 'scanf': This function or variable may be unsafe. Consider using scanf_s instead. To disable deprecation, use _CRT_SECURE_NO_WARNINGS. See online help for details.
  Project9.vcxproj -> C:\Users\dahye\Desktop\MIPS\ComputerArchitecture\Debug\Project9.exe
